0 info it worked if it ends with ok
1 verbose cli [ 'node', '/usr/local/bin/npm', 'install', '.' ]
2 info using npm@1.1.61
3 info using node@v0.8.9
4 verbose read json /Users/celer/Project/hopjs-all/hopjs-common/examples/bad/package.json
5 warn package.json foo@0.0.2 No README.md file found!
6 verbose readDependencies using package.json deps
7 verbose install where, deps [ '/Users/celer/Project/hopjs-all/hopjs-common/examples/bad',
7 verbose install   [ 'colorsz' ] ]
8 verbose from cache /Users/celer/Project/hopjs-all/hopjs-common/examples/bad/package.json
9 info preinstall foo@0.0.2
10 verbose read json /Users/celer/Project/hopjs-all/hopjs-common/examples/bad/node_modules/colors/package.json
11 verbose from cache /Users/celer/Project/hopjs-all/hopjs-common/examples/bad/package.json
12 verbose readDependencies using package.json deps
13 verbose from cache /Users/celer/Project/hopjs-all/hopjs-common/examples/bad/node_modules/colors/package.json
14 verbose cache add [ 'colorsz@~0.6.0-1', null ]
15 silly cache add name=undefined spec="colorsz@~0.6.0-1" args=["colorsz@~0.6.0-1",null]
16 verbose parsed url { pathname: 'colorsz@~0.6.0-1',
16 verbose parsed url   path: 'colorsz@~0.6.0-1',
16 verbose parsed url   href: 'colorsz@~0.6.0-1' }
17 silly cache add name="colorsz" spec="~0.6.0-1" args=["colorsz","~0.6.0-1"]
18 verbose parsed url { pathname: '~0.6.0-1', path: '~0.6.0-1', href: '~0.6.0-1' }
19 verbose addNamed [ 'colorsz', '~0.6.0-1' ]
20 verbose addNamed [ null, '>=0.6.0-1 <0.7.0-' ]
21 silly lockFile 14700f94-colorsz-0-6-0-1 colorsz@~0.6.0-1
22 verbose lock colorsz@~0.6.0-1 /Users/celer/.npm/14700f94-colorsz-0-6-0-1.lock
23 silly addNameRange { name: 'colorsz', range: '>=0.6.0-1 <0.7.0-', hasData: false }
24 verbose url raw colorsz
25 verbose url resolving [ 'https://registry.npmjs.org/', './colorsz' ]
26 verbose url resolved https://registry.npmjs.org/colorsz
27 info trying registry request attempt 1 at 19:24:12
28 http GET https://registry.npmjs.org/colorsz
29 http 404 https://registry.npmjs.org/colorsz
30 silly registry.get cb [ 404,
30 silly registry.get   { server: 'CouchDB/1.2.1 (Erlang OTP/R15B)',
30 silly registry.get     date: 'Tue, 22 Jan 2013 02:22:39 GMT',
30 silly registry.get     'content-type': 'application/json',
30 silly registry.get     'content-length': '52',
30 silly registry.get     'cache-control': 'must-revalidate' } ]
31 silly lockFile 14700f94-colorsz-0-6-0-1 colorsz@~0.6.0-1
32 error 404 'colorsz' is not in the npm registry.
32 error 404 You should bug the author to publish it
32 error 404
32 error 404 Note that you can also install from a
32 error 404 tarball, folder, or http url, or git url.
33 error System Darwin 11.4.2
34 error command "node" "/usr/local/bin/npm" "install" "."
35 error cwd /Users/celer/Project/hopjs-all/hopjs-common/examples/bad
36 error node -v v0.8.9
37 error npm -v 1.1.61
38 error code E404
39 verbose exit [ 1, true ]
